<?xml version="1.0" encoding="UTF-8"?>
<!-- Generated by org.testng.reporters.JUnitXMLReporter -->
<testsuite ignored="0" hostname="DESKTOP-MBMFGHJ" failures="0" tests="4" name="Default test" time="5.058" errors="0" timestamp="2024-07-05T17:19:02 EEST">
  <testcase classname="dataBseTesting.myTestCases" name="addData" time="0.057"/>
  <testcase classname="dataBseTesting.myTestCases" name="updateData" time="0.012"/>
  <testcase classname="dataBseTesting.myTestCases" name="getData" time="3.872"/>
  <testcase classname="dataBseTesting.myTestCases" name="deleteData" time="0.012"/>
</testsuite> <!-- Default test -->
